<?xml version="1.0" encoding="UTF-8"?>
<!-- Generated by org.testng.reporters.JUnitXMLReporter -->
<testsuite ignored="0" hostname="DESKTOP-QVVN0GR" failures="0" tests="2" name="Default test" time="71.938" errors="0" timestamp="2022-12-12T15:31:10 IST">
  <testcase classname="neoStoxTestclasses.ValidateNeoStoxAccBalance2" name="validateUserID" time="0.709"/>
  <testcase classname="neoStoxTestclasses.ValidateNeoStoxAccBalance2" name="validateAccBalance" time="0.631"/>
</testsuite> <!-- Default test -->
