<?xml version="1.0" encoding="UTF-8"?>
<!-- Generated by org.testng.reporters.JUnitXMLReporter -->
<testsuite ignored="0" hostname="DESKTOP-QVVN0GR" failures="0" tests="5" name="invocationCount" time="0.438" errors="0" timestamp="2022-11-22T17:11:08 IST">
  <testcase classname="testNgKeyWords.InvocationCount" name="myMethod" time="0.043"/>
  <testcase classname="testNgKeyWords.InvocationCount" name="myMethod" time="0.006"/>
  <testcase classname="testNgKeyWords.InvocationCount" name="myMethod" time="0.008"/>
  <testcase classname="testNgKeyWords.InvocationCount" name="myMethod" time="0.021"/>
  <testcase classname="testNgKeyWords.InvocationCount" name="myMethod" time="0.007"/>
</testsuite> <!-- invocationCount -->
